-------------------------------------------------------------------------------
Test set: com.sotwareextractor.cecs547.Cecs547ApplicationTests
-------------------------------------------------------------------------------
Tests run: 1, Failures: 0, Errors: 1, Skipped: 0, Time elapsed: 0.292 s <<< FAILURE! - in com.sotwareextractor.cecs547.Cecs547ApplicationTests
com.sotwareextractor.cecs547.Cecs547ApplicationTests  Time elapsed: 0.283 s  <<< ERROR!
java.lang.IllegalStateException: Unable to find a @SpringBootConfiguration, you need to use @ContextConfiguration or @SpringBootTest(classes=...) with your test

